[0.133s] DEBUG:colcon:Command line arguments: ['/usr/bin/colcon', 'list', '-p', '--base-paths', '/home/syahputranaufal/Magang_Banyu/ros2ws/src', '--log-base', '/dev/null']
[0.133s] DEBUG:colcon:Parsed command line arguments: Namespace(log_base=None, log_level=None, verb_name='list', build_base='build', ignore_user_meta=False, metas=['./colcon.meta'], base_paths=['/home/syahputranaufal/Magang_Banyu/ros2ws/src', '--log-base', '/dev/null'], packages_ignore=None, packages_ignore_regex=None, paths=None, packages_up_to=None, packages_up_to_regex=None, packages_above=None, packages_above_and_dependencies=None, packages_above_depth=None, packages_select_by_dep=None, packages_skip_by_dep=None, packages_skip_up_to=None, packages_select_build_failed=False, packages_skip_build_finished=False, packages_select_test_failures=False, packages_skip_test_passed=False, packages_select=None, packages_skip=None, packages_select_regex=None, packages_skip_regex=None, packages_start=None, packages_end=None, allow_overriding=[], topological_order=False, names_only=False, paths_only=True, topological_graph=False, topological_graph_dot=False, topological_graph_density=False, topological_graph_legend=False, topological_graph_dot_cluster=False, topological_graph_dot_include_skipped=False, verb_parser=<colcon_defaults.argument_parser.defaults.DefaultArgumentsDecorator object at 0x79109e7efa30>, verb_extension=<colcon_package_information.verb.list.ListVerb object at 0x79109e7eea10>, main=<bound method ListVerb.main of <colcon_package_information.verb.list.ListVerb object at 0x79109e7eea10>>)
[0.357s] Level 1:colcon.colcon_core.package_discovery:discover_packages(colcon_meta) check parameters
[0.357s] Level 1:colcon.colcon_core.package_discovery:discover_packages(recursive) check parameters
[0.357s] Level 1:colcon.colcon_core.package_discovery:discover_packages(ignore) check parameters
[0.357s] Level 1:colcon.colcon_core.package_discovery:discover_packages(path) check parameters
[0.357s] Level 1:colcon.colcon_core.package_discovery:discover_packages(recursive) discover
[0.358s] INFO:colcon.colcon_core.package_discovery:Crawling recursively for packages in '/home/syahputranaufal/Magang_Banyu/ros2ws/src', '/home/syahputranaufal/Magang_Banyu/ros2ws/src/--log-base', '/dev/null'
[0.358s] Level 1:colcon.colcon_core.package_identification:_identify(/home/syahputranaufal/Magang_Banyu/ros2ws/src) by extensions ['ignore', 'ignore_ament_install']
[0.358s] Level 1:colcon.colcon_core.package_identification:_identify(/home/syahputranaufal/Magang_Banyu/ros2ws/src) by extension 'ignore'
[0.358s] Level 1:colcon.colcon_core.package_identification:_identify(/home/syahputranaufal/Magang_Banyu/ros2ws/src) by extension 'ignore_ament_install'
[0.358s] Level 1:colcon.colcon_core.package_identification:_identify(/home/syahputranaufal/Magang_Banyu/ros2ws/src) by extensions ['colcon_pkg']
[0.358s] Level 1:colcon.colcon_core.package_identification:_identify(/home/syahputranaufal/Magang_Banyu/ros2ws/src) by extension 'colcon_pkg'
[0.358s] Level 1:colcon.colcon_core.package_identification:_identify(/home/syahputranaufal/Magang_Banyu/ros2ws/src) by extensions ['colcon_meta']
[0.358s] Level 1:colcon.colcon_core.package_identification:_identify(/home/syahputranaufal/Magang_Banyu/ros2ws/src) by extension 'colcon_meta'
[0.358s] Level 1:colcon.colcon_core.package_identification:_identify(/home/syahputranaufal/Magang_Banyu/ros2ws/src) by extensions ['ros']
[0.358s] Level 1:colcon.colcon_core.package_identification:_identify(/home/syahputranaufal/Magang_Banyu/ros2ws/src) by extension 'ros'
[0.379s] Level 1:colcon.colcon_core.package_identification:_identify(/home/syahputranaufal/Magang_Banyu/ros2ws/src) by extensions ['cmake', 'python']
[0.379s] Level 1:colcon.colcon_core.package_identification:_identify(/home/syahputranaufal/Magang_Banyu/ros2ws/src) by extension 'cmake'
[0.379s] Level 1:colcon.colcon_core.package_identification:_identify(/home/syahputranaufal/Magang_Banyu/ros2ws/src) by extension 'python'
[0.379s] Level 1:colcon.colcon_core.package_identification:_identify(/home/syahputranaufal/Magang_Banyu/ros2ws/src) by extensions ['python_setup_py']
[0.379s] Level 1:colcon.colcon_core.package_identification:_identify(/home/syahputranaufal/Magang_Banyu/ros2ws/src) by extension 'python_setup_py'
[0.379s] Level 1:colcon.colcon_core.package_identification:_identify(/home/syahputranaufal/Magang_Banyu/ros2ws/src/log) by extensions ['ignore', 'ignore_ament_install']
[0.379s] Level 1:colcon.colcon_core.package_identification:_identify(/home/syahputranaufal/Magang_Banyu/ros2ws/src/log) by extension 'ignore'
[0.379s] Level 1:colcon.colcon_core.package_identification:_identify(/home/syahputranaufal/Magang_Banyu/ros2ws/src/log) ignored
[0.380s] Level 1:colcon.colcon_core.package_identification:_identify(/home/syahputranaufal/Magang_Banyu/ros2ws/src/pubsub) by extensions ['ignore', 'ignore_ament_install']
[0.380s] Level 1:colcon.colcon_core.package_identification:_identify(/home/syahputranaufal/Magang_Banyu/ros2ws/src/pubsub) by extension 'ignore'
[0.380s] Level 1:colcon.colcon_core.package_identification:_identify(/home/syahputranaufal/Magang_Banyu/ros2ws/src/pubsub) by extension 'ignore_ament_install'
[0.380s] Level 1:colcon.colcon_core.package_identification:_identify(/home/syahputranaufal/Magang_Banyu/ros2ws/src/pubsub) by extensions ['colcon_pkg']
[0.380s] Level 1:colcon.colcon_core.package_identification:_identify(/home/syahputranaufal/Magang_Banyu/ros2ws/src/pubsub) by extension 'colcon_pkg'
[0.380s] Level 1:colcon.colcon_core.package_identification:_identify(/home/syahputranaufal/Magang_Banyu/ros2ws/src/pubsub) by extensions ['colcon_meta']
[0.380s] Level 1:colcon.colcon_core.package_identification:_identify(/home/syahputranaufal/Magang_Banyu/ros2ws/src/pubsub) by extension 'colcon_meta'
[0.380s] Level 1:colcon.colcon_core.package_identification:_identify(/home/syahputranaufal/Magang_Banyu/ros2ws/src/pubsub) by extensions ['ros']
[0.380s] Level 1:colcon.colcon_core.package_identification:_identify(/home/syahputranaufal/Magang_Banyu/ros2ws/src/pubsub) by extension 'ros'
[0.384s] DEBUG:colcon.colcon_core.package_identification:Package '/home/syahputranaufal/Magang_Banyu/ros2ws/src/pubsub' with type 'ros.ament_cmake' and name 'pubsub'
[0.385s] Level 1:colcon.colcon_core.package_discovery:discover_packages(recursive) using defaults
